Import modules and configure virtual environment
Generating virtual environment
activating temporary environment
created virtual environment CPython3.10.13.final.0-64 in 27070ms
  creator CPython3Posix(dest=/tmp/706, clear=False, no_vcs_ignore=False, global=False)
  seeder FromAppData(download=False, pip=bundle, setuptools=bundle, wheel=bundle, via=copy, app_data_dir=/home/dzk5572/.local/share/virtualenv)
    added seed packages: pip==24.3.1, setuptools==75.5.0, wheel==0.45.1
  activators BashActivator,CShellActivator,FishActivator,NushellActivator,PowerShellActivator,PythonActivator
Looking in links: /cvmfs/soft.computecanada.ca/custom/python/wheelhouse/gentoo2023/x86-64-v3, /cvmfs/soft.computecanada.ca/custom/python/wheelhouse/gentoo2023/generic, /cvmfs/soft.computecanada.ca/custom/python/wheelhouse/generic
Requirement already satisfied: pip in /tmp/706/lib/python3.10/site-packages (24.3.1)
Looking in links: /cvmfs/soft.computecanada.ca/custom/python/wheelhouse/gentoo2023/x86-64-v3, /cvmfs/soft.computecanada.ca/custom/python/wheelhouse/gentoo2023/generic, /cvmfs/soft.computecanada.ca/custom/python/wheelhouse/generic
Processing /cvmfs/soft.computecanada.ca/custom/python/wheelhouse/generic/HTSeq-2.0.2+computecanada-cp310-cp310-linux_x86_64.whl (from -r requirements.txt (line 1))
Processing /cvmfs/soft.computecanada.ca/custom/python/wheelhouse/generic/msgpack-1.1.0+computecanada-cp310-cp310-linux_x86_64.whl (from -r requirements.txt (line 2))
Processing /cvmfs/soft.computecanada.ca/custom/python/wheelhouse/gentoo2023/generic/numpy-1.26.4+computecanada-cp310-cp310-linux_x86_64.whl (from -r requirements.txt (line 3))
Processing /cvmfs/soft.computecanada.ca/custom/python/wheelhouse/generic/packaging-24.2+computecanada-py3-none-any.whl (from -r requirements.txt (line 4))
Processing /cvmfs/soft.computecanada.ca/custom/python/wheelhouse/gentoo2023/x86-64-v3/pysam-0.22.1+computecanada-cp310-cp310-linux_x86_64.whl (from -r requirements.txt (line 5))
Installing collected packages: pysam, packaging, numpy, msgpack, HTSeq
Successfully installed HTSeq-2.0.2+computecanada msgpack-1.1.0+computecanada numpy-1.26.4+computecanada packaging-24.2+computecanada pysam-0.22.1+computecanada
Successfully activated virtual environment
Generating ht-seq raw read counts for SRR ID: SRR3393492.sam
ht-seq raw read counts for SRR3393523.sam already exist. Skipping read count generation.
deactivated
