
The following have been reloaded with a version change:
  1) python/3.11.5 => python/3.10.13

43148863 reads; of these:
  43148863 (100.00%) were unpaired; of these:
    1959558 (4.54%) aligned 0 times
    22934603 (53.15%) aligned exactly 1 time
    18254702 (42.31%) aligned >1 times
95.46% overall alignment rate
100000 GFF lines processed.
200000 GFF lines processed.
300000 GFF lines processed.
400000 GFF lines processed.
500000 GFF lines processed.
600000 GFF lines processed.
700000 GFF lines processed.
800000 GFF lines processed.
900000 GFF lines processed.
1000000 GFF lines processed.
1100000 GFF lines processed.
1200000 GFF lines processed.
1300000 GFF lines processed.
1400000 GFF lines processed.
1500000 GFF lines processed.
1600000 GFF lines processed.
1700000 GFF lines processed.
1800000 GFF lines processed.
1900000 GFF lines processed.
2000000 GFF lines processed.
2100000 GFF lines processed.
2200000 GFF lines processed.
2300000 GFF lines processed.
2400000 GFF lines processed.
2500000 GFF lines processed.
2600000 GFF lines processed.
2700000 GFF lines processed.
2800000 GFF lines processed.
2900000 GFF lines processed.
3000000 GFF lines processed.
3100000 GFF lines processed.
3200000 GFF lines processed.
3300000 GFF lines processed.
3400000 GFF lines processed.
3500000 GFF lines processed.
3600000 GFF lines processed.
3700000 GFF lines processed.
3800000 GFF lines processed.
3900000 GFF lines processed.
4000000 GFF lines processed.
4100000 GFF lines processed.
4200000 GFF lines processed.
4300000 GFF lines processed.
4400000 GFF lines processed.
4500000 GFF lines processed.
4600000 GFF lines processed.
4697665 GFF lines processed.
100000 alignment records processed.
200000 alignment records processed.
300000 alignment records processed.
400000 alignment records processed.
500000 alignment records processed.
600000 alignment records processed.
700000 alignment records processed.
800000 alignment records processed.
900000 alignment records processed.
1000000 alignment records processed.
1100000 alignment records processed.
1200000 alignment records processed.
1300000 alignment records processed.
1400000 alignment records processed.
1500000 alignment records processed.
1600000 alignment records processed.
1700000 alignment records processed.
1800000 alignment records processed.
1900000 alignment records processed.
2000000 alignment records processed.
2100000 alignment records processed.
2200000 alignment records processed.
2300000 alignment records processed.
2400000 alignment records processed.
2500000 alignment records processed.
2600000 alignment records processed.
2700000 alignment records processed.
2800000 alignment records processed.
2900000 alignment records processed.
3000000 alignment records processed.
3100000 alignment records processed.
3200000 alignment records processed.
3300000 alignment records processed.
3400000 alignment records processed.
3500000 alignment records processed.
3600000 alignment records processed.
3700000 alignment records processed.
3800000 alignment records processed.
3900000 alignment records processed.
4000000 alignment records processed.
4100000 alignment records processed.
4200000 alignment records processed.
4300000 alignment records processed.
4400000 alignment records processed.
4500000 alignment records processed.
4600000 alignment records processed.
4700000 alignment records processed.
4800000 alignment records processed.
4900000 alignment records processed.
5000000 alignment records processed.
5100000 alignment records processed.
5200000 alignment records processed.
5300000 alignment records processed.
5400000 alignment records processed.
5500000 alignment records processed.
5600000 alignment records processed.
5700000 alignment records processed.
5800000 alignment records processed.
5900000 alignment records processed.
6000000 alignment records processed.
6100000 alignment records processed.
6200000 alignment records processed.
6300000 alignment records processed.
6400000 alignment records processed.
6500000 alignment records processed.
6600000 alignment records processed.
6700000 alignment records processed.
6800000 alignment records processed.
6900000 alignment records processed.
7000000 alignment records processed.
7100000 alignment records processed.
7200000 alignment records processed.
7300000 alignment records processed.
7400000 alignment records processed.
7500000 alignment records processed.
7600000 alignment records processed.
7700000 alignment records processed.
7800000 alignment records processed.
7900000 alignment records processed.
8000000 alignment records processed.
8100000 alignment records processed.
8200000 alignment records processed.
8300000 alignment records processed.
8400000 alignment records processed.
8500000 alignment records processed.
8600000 alignment records processed.
8700000 alignment records processed.
8800000 alignment records processed.
8900000 alignment records processed.
9000000 alignment records processed.
9100000 alignment records processed.
9200000 alignment records processed.
9300000 alignment records processed.
9400000 alignment records processed.
9500000 alignment records processed.
9600000 alignment records processed.
9700000 alignment records processed.
9800000 alignment records processed.
9900000 alignment records processed.
10000000 alignment records processed.
10100000 alignment records processed.
10200000 alignment records processed.
10300000 alignment records processed.
10400000 alignment records processed.
10500000 alignment records processed.
10600000 alignment records processed.
10700000 alignment records processed.
10800000 alignment records processed.
10900000 alignment records processed.
11000000 alignment records processed.
11100000 alignment records processed.
11200000 alignment records processed.
11300000 alignment records processed.
11400000 alignment records processed.
11500000 alignment records processed.
11600000 alignment records processed.
11700000 alignment records processed.
11800000 alignment records processed.
11900000 alignment records processed.
12000000 alignment records processed.
12100000 alignment records processed.
12200000 alignment records processed.
12300000 alignment records processed.
12400000 alignment records processed.
12500000 alignment records processed.
12600000 alignment records processed.
12700000 alignment records processed.
12800000 alignment records processed.
12900000 alignment records processed.
13000000 alignment records processed.
13100000 alignment records processed.
13200000 alignment records processed.
13300000 alignment records processed.
13400000 alignment records processed.
13500000 alignment records processed.
13600000 alignment records processed.
13700000 alignment records processed.
13800000 alignment records processed.
13900000 alignment records processed.
14000000 alignment records processed.
14100000 alignment records processed.
14200000 alignment records processed.
14300000 alignment records processed.
14400000 alignment records processed.
14500000 alignment records processed.
14600000 alignment records processed.
14700000 alignment records processed.
14800000 alignment records processed.
14900000 alignment records processed.
15000000 alignment records processed.
15100000 alignment records processed.
15200000 alignment records processed.
15300000 alignment records processed.
15400000 alignment records processed.
15500000 alignment records processed.
15600000 alignment records processed.
15700000 alignment records processed.
15800000 alignment records processed.
15900000 alignment records processed.
16000000 alignment records processed.
16100000 alignment records processed.
16200000 alignment records processed.
16300000 alignment records processed.
16400000 alignment records processed.
16500000 alignment records processed.
16600000 alignment records processed.
16700000 alignment records processed.
16800000 alignment records processed.
16900000 alignment records processed.
17000000 alignment records processed.
17100000 alignment records processed.
17200000 alignment records processed.
17300000 alignment records processed.
17400000 alignment records processed.
17500000 alignment records processed.
17600000 alignment records processed.
17700000 alignment records processed.
17800000 alignment records processed.
17900000 alignment records processed.
18000000 alignment records processed.
18100000 alignment records processed.
18200000 alignment records processed.
18300000 alignment records processed.
18400000 alignment records processed.
18500000 alignment records processed.
18600000 alignment records processed.
18700000 alignment records processed.
18800000 alignment records processed.
18900000 alignment records processed.
19000000 alignment records processed.
19100000 alignment records processed.
19200000 alignment records processed.
19300000 alignment records processed.
19400000 alignment records processed.
19500000 alignment records processed.
19600000 alignment records processed.
19700000 alignment records processed.
19800000 alignment records processed.
19900000 alignment records processed.
20000000 alignment records processed.
20100000 alignment records processed.
20200000 alignment records processed.
20300000 alignment records processed.
20400000 alignment records processed.
20500000 alignment records processed.
20600000 alignment records processed.
20700000 alignment records processed.
20800000 alignment records processed.
20900000 alignment records processed.
21000000 alignment records processed.
21100000 alignment records processed.
21200000 alignment records processed.
21300000 alignment records processed.
21400000 alignment records processed.
21500000 alignment records processed.
21600000 alignment records processed.
21700000 alignment records processed.
21800000 alignment records processed.
21900000 alignment records processed.
22000000 alignment records processed.
22100000 alignment records processed.
22200000 alignment records processed.
22300000 alignment records processed.
22400000 alignment records processed.
22500000 alignment records processed.
22600000 alignment records processed.
22700000 alignment records processed.
22800000 alignment records processed.
22900000 alignment records processed.
23000000 alignment records processed.
23100000 alignment records processed.
23200000 alignment records processed.
23300000 alignment records processed.
23400000 alignment records processed.
23500000 alignment records processed.
23600000 alignment records processed.
23700000 alignment records processed.
23800000 alignment records processed.
23900000 alignment records processed.
24000000 alignment records processed.
24100000 alignment records processed.
24200000 alignment records processed.
24300000 alignment records processed.
24400000 alignment records processed.
24500000 alignment records processed.
24600000 alignment records processed.
24700000 alignment records processed.
24800000 alignment records processed.
24900000 alignment records processed.
25000000 alignment records processed.
25100000 alignment records processed.
25200000 alignment records processed.
25300000 alignment records processed.
25400000 alignment records processed.
25500000 alignment records processed.
25600000 alignment records processed.
25700000 alignment records processed.
25800000 alignment records processed.
25900000 alignment records processed.
26000000 alignment records processed.
26100000 alignment records processed.
26200000 alignment records processed.
26300000 alignment records processed.
26400000 alignment records processed.
26500000 alignment records processed.
26600000 alignment records processed.
26700000 alignment records processed.
26800000 alignment records processed.
26900000 alignment records processed.
27000000 alignment records processed.
27100000 alignment records processed.
27200000 alignment records processed.
27300000 alignment records processed.
27400000 alignment records processed.
27500000 alignment records processed.
27600000 alignment records processed.
27700000 alignment records processed.
27800000 alignment records processed.
27900000 alignment records processed.
28000000 alignment records processed.
28100000 alignment records processed.
28200000 alignment records processed.
28300000 alignment records processed.
28400000 alignment records processed.
28500000 alignment records processed.
28600000 alignment records processed.
28700000 alignment records processed.
28800000 alignment records processed.
28900000 alignment records processed.
29000000 alignment records processed.
29100000 alignment records processed.
29200000 alignment records processed.
29300000 alignment records processed.
29400000 alignment records processed.
29500000 alignment records processed.
29600000 alignment records processed.
29700000 alignment records processed.
29800000 alignment records processed.
29900000 alignment records processed.
30000000 alignment records processed.
30100000 alignment records processed.
30200000 alignment records processed.
30300000 alignment records processed.
30400000 alignment records processed.
30500000 alignment records processed.
30600000 alignment records processed.
30700000 alignment records processed.
30800000 alignment records processed.
30900000 alignment records processed.
31000000 alignment records processed.
31100000 alignment records processed.
31200000 alignment records processed.
31300000 alignment records processed.
31400000 alignment records processed.
31500000 alignment records processed.
31600000 alignment records processed.
31700000 alignment records processed.
31800000 alignment records processed.
31900000 alignment records processed.
32000000 alignment records processed.
32100000 alignment records processed.
32200000 alignment records processed.
32300000 alignment records processed.
32400000 alignment records processed.
32500000 alignment records processed.
32600000 alignment records processed.
32700000 alignment records processed.
32800000 alignment records processed.
32900000 alignment records processed.
33000000 alignment records processed.
33100000 alignment records processed.
33200000 alignment records processed.
33300000 alignment records processed.
33400000 alignment records processed.
33500000 alignment records processed.
33600000 alignment records processed.
33700000 alignment records processed.
33800000 alignment records processed.
33900000 alignment records processed.
34000000 alignment records processed.
34100000 alignment records processed.
34200000 alignment records processed.
34300000 alignment records processed.
34400000 alignment records processed.
34500000 alignment records processed.
34600000 alignment records processed.
34700000 alignment records processed.
34800000 alignment records processed.
34900000 alignment records processed.
35000000 alignment records processed.
35100000 alignment records processed.
35200000 alignment records processed.
35300000 alignment records processed.
35400000 alignment records processed.
35500000 alignment records processed.
35600000 alignment records processed.
35700000 alignment records processed.
35800000 alignment records processed.
35900000 alignment records processed.
36000000 alignment records processed.
36100000 alignment records processed.
36200000 alignment records processed.
36300000 alignment records processed.
36400000 alignment records processed.
36500000 alignment records processed.
36600000 alignment records processed.
36700000 alignment records processed.
36800000 alignment records processed.
36900000 alignment records processed.
37000000 alignment records processed.
37100000 alignment records processed.
37200000 alignment records processed.
37300000 alignment records processed.
37400000 alignment records processed.
37500000 alignment records processed.
37600000 alignment records processed.
37700000 alignment records processed.
37800000 alignment records processed.
37900000 alignment records processed.
38000000 alignment records processed.
38100000 alignment records processed.
38200000 alignment records processed.
38300000 alignment records processed.
38400000 alignment records processed.
38500000 alignment records processed.
38600000 alignment records processed.
38700000 alignment records processed.
38800000 alignment records processed.
38900000 alignment records processed.
39000000 alignment records processed.
39100000 alignment records processed.
39200000 alignment records processed.
39300000 alignment records processed.
39400000 alignment records processed.
39500000 alignment records processed.
39600000 alignment records processed.
39700000 alignment records processed.
39800000 alignment records processed.
39900000 alignment records processed.
40000000 alignment records processed.
40100000 alignment records processed.
40200000 alignment records processed.
40300000 alignment records processed.
40400000 alignment records processed.
40500000 alignment records processed.
40600000 alignment records processed.
40700000 alignment records processed.
40800000 alignment records processed.
40900000 alignment records processed.
41000000 alignment records processed.
41100000 alignment records processed.
41200000 alignment records processed.
41300000 alignment records processed.
41400000 alignment records processed.
41500000 alignment records processed.
41600000 alignment records processed.
41700000 alignment records processed.
41800000 alignment records processed.
41900000 alignment records processed.
42000000 alignment records processed.
42100000 alignment records processed.
42200000 alignment records processed.
42300000 alignment records processed.
42400000 alignment records processed.
42500000 alignment records processed.
42600000 alignment records processed.
42700000 alignment records processed.
42800000 alignment records processed.
42900000 alignment records processed.
43000000 alignment records processed.
43100000 alignment records processed.
43200000 alignment records processed.
43300000 alignment records processed.
43400000 alignment records processed.
43500000 alignment records processed.
43600000 alignment records processed.
43700000 alignment records processed.
43800000 alignment records processed.
43900000 alignment records processed.
44000000 alignment records processed.
44100000 alignment records processed.
44200000 alignment records processed.
44300000 alignment records processed.
44400000 alignment records processed.
44500000 alignment records processed.
44600000 alignment records processed.
44700000 alignment records processed.
44800000 alignment records processed.
44900000 alignment records processed.
45000000 alignment records processed.
45100000 alignment records processed.
45200000 alignment records processed.
45300000 alignment records processed.
45400000 alignment records processed.
45500000 alignment records processed.
45600000 alignment records processed.
45700000 alignment records processed.
45800000 alignment records processed.
45900000 alignment records processed.
46000000 alignment records processed.
46100000 alignment records processed.
46200000 alignment records processed.
46300000 alignment records processed.
46400000 alignment records processed.
46500000 alignment records processed.
46600000 alignment records processed.
46700000 alignment records processed.
46800000 alignment records processed.
46900000 alignment records processed.
47000000 alignment records processed.
47100000 alignment records processed.
47200000 alignment records processed.
47300000 alignment records processed.
47400000 alignment records processed.
47500000 alignment records processed.
47600000 alignment records processed.
47700000 alignment records processed.
47800000 alignment records processed.
47900000 alignment records processed.
48000000 alignment records processed.
48100000 alignment records processed.
48200000 alignment records processed.
48300000 alignment records processed.
48400000 alignment records processed.
48500000 alignment records processed.
48600000 alignment records processed.
48700000 alignment records processed.
48800000 alignment records processed.
48900000 alignment records processed.
49000000 alignment records processed.
49100000 alignment records processed.
49200000 alignment records processed.
49300000 alignment records processed.
49400000 alignment records processed.
49500000 alignment records processed.
49600000 alignment records processed.
49700000 alignment records processed.
49800000 alignment records processed.
49900000 alignment records processed.
50000000 alignment records processed.
50100000 alignment records processed.
50200000 alignment records processed.
50300000 alignment records processed.
50400000 alignment records processed.
50500000 alignment records processed.
50600000 alignment records processed.
50700000 alignment records processed.
50800000 alignment records processed.
50900000 alignment records processed.
51000000 alignment records processed.
51100000 alignment records processed.
51200000 alignment records processed.
51300000 alignment records processed.
51400000 alignment records processed.
51500000 alignment records processed.
51600000 alignment records processed.
51700000 alignment records processed.
51800000 alignment records processed.
51900000 alignment records processed.
52000000 alignment records processed.
52100000 alignment records processed.
52200000 alignment records processed.
52300000 alignment records processed.
52400000 alignment records processed.
52500000 alignment records processed.
52600000 alignment records processed.
52700000 alignment records processed.
52800000 alignment records processed.
52900000 alignment records processed.
53000000 alignment records processed.
53100000 alignment records processed.
53200000 alignment records processed.
53300000 alignment records processed.
53400000 alignment records processed.
53500000 alignment records processed.
53600000 alignment records processed.
53700000 alignment records processed.
53800000 alignment records processed.
53900000 alignment records processed.
54000000 alignment records processed.
54100000 alignment records processed.
54200000 alignment records processed.
54300000 alignment records processed.
54400000 alignment records processed.
54500000 alignment records processed.
54600000 alignment records processed.
54700000 alignment records processed.
54800000 alignment records processed.
54900000 alignment records processed.
55000000 alignment records processed.
55100000 alignment records processed.
55200000 alignment records processed.
55300000 alignment records processed.
55400000 alignment records processed.
55500000 alignment records processed.
55600000 alignment records processed.
55700000 alignment records processed.
55800000 alignment records processed.
55900000 alignment records processed.
56000000 alignment records processed.
56100000 alignment records processed.
56200000 alignment records processed.
56300000 alignment records processed.
56400000 alignment records processed.
56500000 alignment records processed.
56600000 alignment records processed.
56700000 alignment records processed.
56800000 alignment records processed.
56900000 alignment records processed.
57000000 alignment records processed.
57100000 alignment records processed.
57200000 alignment records processed.
57300000 alignment records processed.
57400000 alignment records processed.
57500000 alignment records processed.
57600000 alignment records processed.
57700000 alignment records processed.
57800000 alignment records processed.
57900000 alignment records processed.
58000000 alignment records processed.
58100000 alignment records processed.
58200000 alignment records processed.
58300000 alignment records processed.
58400000 alignment records processed.
58500000 alignment records processed.
58600000 alignment records processed.
58700000 alignment records processed.
58800000 alignment records processed.
58900000 alignment records processed.
59000000 alignment records processed.
59100000 alignment records processed.
59200000 alignment records processed.
59300000 alignment records processed.
59400000 alignment records processed.
59500000 alignment records processed.
59600000 alignment records processed.
59700000 alignment records processed.
59800000 alignment records processed.
59900000 alignment records processed.
60000000 alignment records processed.
60100000 alignment records processed.
60200000 alignment records processed.
60300000 alignment records processed.
60400000 alignment records processed.
60500000 alignment records processed.
60600000 alignment records processed.
60700000 alignment records processed.
60800000 alignment records processed.
60900000 alignment records processed.
61000000 alignment records processed.
61100000 alignment records processed.
61200000 alignment records processed.
61300000 alignment records processed.
61400000 alignment records processed.
61500000 alignment records processed.
61600000 alignment records processed.
61700000 alignment records processed.
61800000 alignment records processed.
61900000 alignment records processed.
62000000 alignment records processed.
62100000 alignment records processed.
62200000 alignment records processed.
62300000 alignment records processed.
62400000 alignment records processed.
62500000 alignment records processed.
62600000 alignment records processed.
62700000 alignment records processed.
62800000 alignment records processed.
62900000 alignment records processed.
63000000 alignment records processed.
63100000 alignment records processed.
63200000 alignment records processed.
63300000 alignment records processed.
63400000 alignment records processed.
63500000 alignment records processed.
63600000 alignment records processed.
63700000 alignment records processed.
63800000 alignment records processed.
63900000 alignment records processed.
64000000 alignment records processed.
64100000 alignment records processed.
64200000 alignment records processed.
64300000 alignment records processed.
64400000 alignment records processed.
64500000 alignment records processed.
64600000 alignment records processed.
64700000 alignment records processed.
64800000 alignment records processed.
64900000 alignment records processed.
65000000 alignment records processed.
65100000 alignment records processed.
65200000 alignment records processed.
65300000 alignment records processed.
65400000 alignment records processed.
65500000 alignment records processed.
65600000 alignment records processed.
65700000 alignment records processed.
65800000 alignment records processed.
65900000 alignment records processed.
66000000 alignment records processed.
66100000 alignment records processed.
66200000 alignment records processed.
66300000 alignment records processed.
66400000 alignment records processed.
66500000 alignment records processed.
66600000 alignment records processed.
66700000 alignment records processed.
66800000 alignment records processed.
66900000 alignment records processed.
67000000 alignment records processed.
67100000 alignment records processed.
67200000 alignment records processed.
67300000 alignment records processed.
67400000 alignment records processed.
67500000 alignment records processed.
67600000 alignment records processed.
67700000 alignment records processed.
67800000 alignment records processed.
67900000 alignment records processed.
68000000 alignment records processed.
68100000 alignment records processed.
68200000 alignment records processed.
68300000 alignment records processed.
68400000 alignment records processed.
68500000 alignment records processed.
68600000 alignment records processed.
68700000 alignment records processed.
68800000 alignment records processed.
68900000 alignment records processed.
69000000 alignment records processed.
69100000 alignment records processed.
69200000 alignment records processed.
69300000 alignment records processed.
69400000 alignment records processed.
69500000 alignment records processed.
69600000 alignment records processed.
69700000 alignment records processed.
69800000 alignment records processed.
69900000 alignment records processed.
70000000 alignment records processed.
70100000 alignment records processed.
70200000 alignment records processed.
70300000 alignment records processed.
70400000 alignment records processed.
70500000 alignment records processed.
70600000 alignment records processed.
70700000 alignment records processed.
70800000 alignment records processed.
70900000 alignment records processed.
71000000 alignment records processed.
71100000 alignment records processed.
71200000 alignment records processed.
71300000 alignment records processed.
71400000 alignment records processed.
71500000 alignment records processed.
71600000 alignment records processed.
71700000 alignment records processed.
71800000 alignment records processed.
71900000 alignment records processed.
72000000 alignment records processed.
72100000 alignment records processed.
72200000 alignment records processed.
72300000 alignment records processed.
72400000 alignment records processed.
72500000 alignment records processed.
72600000 alignment records processed.
72700000 alignment records processed.
72800000 alignment records processed.
72900000 alignment records processed.
73000000 alignment records processed.
73100000 alignment records processed.
73200000 alignment records processed.
73300000 alignment records processed.
73400000 alignment records processed.
73500000 alignment records processed.
73600000 alignment records processed.
73700000 alignment records processed.
73800000 alignment records processed.
73900000 alignment records processed.
74000000 alignment records processed.
74100000 alignment records processed.
74200000 alignment records processed.
74300000 alignment records processed.
74400000 alignment records processed.
74500000 alignment records processed.
74600000 alignment records processed.
74700000 alignment records processed.
74800000 alignment records processed.
74900000 alignment records processed.
75000000 alignment records processed.
75100000 alignment records processed.
75200000 alignment records processed.
75300000 alignment records processed.
75400000 alignment records processed.
75500000 alignment records processed.
75600000 alignment records processed.
75700000 alignment records processed.
75800000 alignment records processed.
75900000 alignment records processed.
76000000 alignment records processed.
76100000 alignment records processed.
76200000 alignment records processed.
76300000 alignment records processed.
76400000 alignment records processed.
76500000 alignment records processed.
76600000 alignment records processed.
76700000 alignment records processed.
76800000 alignment records processed.
76900000 alignment records processed.
77000000 alignment records processed.
77100000 alignment records processed.
77200000 alignment records processed.
77300000 alignment records processed.
77400000 alignment records processed.
77500000 alignment records processed.
77600000 alignment records processed.
77700000 alignment records processed.
77800000 alignment records processed.
77900000 alignment records processed.
78000000 alignment records processed.
78100000 alignment records processed.
78200000 alignment records processed.
78300000 alignment records processed.
78400000 alignment records processed.
78500000 alignment records processed.
78600000 alignment records processed.
78700000 alignment records processed.
78800000 alignment records processed.
78900000 alignment records processed.
79000000 alignment records processed.
79100000 alignment records processed.
79200000 alignment records processed.
79300000 alignment records processed.
79400000 alignment records processed.
79500000 alignment records processed.
79600000 alignment records processed.
79700000 alignment records processed.
79800000 alignment records processed.
79900000 alignment records processed.
80000000 alignment records processed.
80100000 alignment records processed.
80200000 alignment records processed.
80300000 alignment records processed.
80400000 alignment records processed.
80500000 alignment records processed.
80600000 alignment records processed.
80700000 alignment records processed.
80800000 alignment records processed.
80900000 alignment records processed.
81000000 alignment records processed.
81100000 alignment records processed.
81200000 alignment records processed.
81300000 alignment records processed.
81400000 alignment records processed.
81500000 alignment records processed.
81600000 alignment records processed.
81700000 alignment records processed.
81800000 alignment records processed.
81900000 alignment records processed.
82000000 alignment records processed.
82100000 alignment records processed.
82200000 alignment records processed.
82300000 alignment records processed.
82400000 alignment records processed.
82500000 alignment records processed.
82600000 alignment records processed.
82700000 alignment records processed.
82800000 alignment records processed.
82900000 alignment records processed.
83000000 alignment records processed.
83100000 alignment records processed.
83200000 alignment records processed.
83300000 alignment records processed.
83400000 alignment records processed.
83500000 alignment records processed.
83600000 alignment records processed.
83700000 alignment records processed.
83800000 alignment records processed.
83900000 alignment records processed.
84000000 alignment records processed.
84100000 alignment records processed.
84200000 alignment records processed.
84300000 alignment records processed.
84400000 alignment records processed.
84500000 alignment records processed.
84600000 alignment records processed.
84700000 alignment records processed.
84800000 alignment records processed.
84900000 alignment records processed.
85000000 alignment records processed.
85100000 alignment records processed.
85200000 alignment records processed.
85300000 alignment records processed.
85400000 alignment records processed.
85500000 alignment records processed.
85600000 alignment records processed.
85700000 alignment records processed.
85800000 alignment records processed.
85900000 alignment records processed.
86000000 alignment records processed.
86100000 alignment records processed.
86200000 alignment records processed.
86300000 alignment records processed.
86400000 alignment records processed.
86500000 alignment records processed.
86600000 alignment records processed.
86700000 alignment records processed.
86800000 alignment records processed.
86900000 alignment records processed.
87000000 alignment records processed.
87100000 alignment records processed.
87200000 alignment records processed.
87300000 alignment records processed.
87400000 alignment records processed.
87500000 alignment records processed.
87600000 alignment records processed.
87700000 alignment records processed.
87800000 alignment records processed.
87900000 alignment records processed.
88000000 alignment records processed.
88100000 alignment records processed.
88200000 alignment records processed.
88300000 alignment records processed.
88400000 alignment records processed.
88500000 alignment records processed.
88600000 alignment records processed.
88700000 alignment records processed.
88800000 alignment records processed.
88900000 alignment records processed.
89000000 alignment records processed.
89100000 alignment records processed.
89200000 alignment records processed.
89300000 alignment records processed.
89400000 alignment records processed.
89500000 alignment records processed.
89600000 alignment records processed.
89700000 alignment records processed.
89800000 alignment records processed.
89900000 alignment records processed.
90000000 alignment records processed.
90100000 alignment records processed.
90200000 alignment records processed.
90300000 alignment records processed.
90400000 alignment records processed.
90500000 alignment records processed.
90600000 alignment records processed.
90700000 alignment records processed.
90800000 alignment records processed.
90900000 alignment records processed.
91000000 alignment records processed.
91100000 alignment records processed.
91200000 alignment records processed.
91300000 alignment records processed.
91400000 alignment records processed.
91500000 alignment records processed.
91600000 alignment records processed.
91700000 alignment records processed.
91800000 alignment records processed.
91900000 alignment records processed.
92000000 alignment records processed.
92100000 alignment records processed.
92200000 alignment records processed.
92300000 alignment records processed.
92400000 alignment records processed.
92500000 alignment records processed.
92600000 alignment records processed.
92700000 alignment records processed.
92800000 alignment records processed.
92900000 alignment records processed.
93000000 alignment records processed.
93100000 alignment records processed.
93200000 alignment records processed.
93300000 alignment records processed.
93400000 alignment records processed.
93500000 alignment records processed.
93600000 alignment records processed.
93700000 alignment records processed.
93800000 alignment records processed.
93900000 alignment records processed.
94000000 alignment records processed.
94100000 alignment records processed.
94200000 alignment records processed.
94300000 alignment records processed.
94400000 alignment records processed.
94500000 alignment records processed.
94600000 alignment records processed.
94700000 alignment records processed.
94800000 alignment records processed.
94900000 alignment records processed.
95000000 alignment records processed.
95100000 alignment records processed.
95200000 alignment records processed.
95300000 alignment records processed.
95400000 alignment records processed.
95500000 alignment records processed.
95600000 alignment records processed.
95700000 alignment records processed.
95800000 alignment records processed.
95900000 alignment records processed.
96000000 alignment records processed.
96100000 alignment records processed.
96200000 alignment records processed.
96300000 alignment records processed.
96400000 alignment records processed.
96500000 alignment records processed.
96600000 alignment records processed.
96700000 alignment records processed.
96800000 alignment records processed.
96900000 alignment records processed.
97000000 alignment records processed.
97100000 alignment records processed.
97200000 alignment records processed.
97300000 alignment records processed.
97400000 alignment records processed.
97500000 alignment records processed.
97600000 alignment records processed.
97700000 alignment records processed.
97800000 alignment records processed.
97900000 alignment records processed.
98000000 alignment records processed.
98100000 alignment records processed.
98200000 alignment records processed.
98300000 alignment records processed.
98400000 alignment records processed.
98500000 alignment records processed.
98600000 alignment records processed.
98700000 alignment records processed.
98800000 alignment records processed.
98900000 alignment records processed.
99000000 alignment records processed.
99100000 alignment records processed.
99200000 alignment records processed.
99300000 alignment records processed.
99400000 alignment records processed.
99500000 alignment records processed.
99600000 alignment records processed.
99700000 alignment records processed.
99800000 alignment records processed.
99900000 alignment records processed.
100000000 alignment records processed.
100100000 alignment records processed.
100200000 alignment records processed.
100300000 alignment records processed.
100400000 alignment records processed.
100500000 alignment records processed.
100600000 alignment records processed.
100700000 alignment records processed.
100800000 alignment records processed.
100900000 alignment records processed.
101000000 alignment records processed.
101100000 alignment records processed.
101200000 alignment records processed.
101300000 alignment records processed.
101400000 alignment records processed.
101500000 alignment records processed.
101600000 alignment records processed.
101700000 alignment records processed.
101800000 alignment records processed.
101900000 alignment records processed.
102000000 alignment records processed.
102100000 alignment records processed.
102200000 alignment records processed.
102300000 alignment records processed.
102400000 alignment records processed.
102500000 alignment records processed.
102600000 alignment records processed.
102700000 alignment records processed.
102800000 alignment records processed.
102900000 alignment records processed.
103000000 alignment records processed.
103100000 alignment records processed.
103200000 alignment records processed.
103300000 alignment records processed.
103400000 alignment records processed.
103500000 alignment records processed.
103600000 alignment records processed.
103700000 alignment records processed.
103800000 alignment records processed.
103900000 alignment records processed.
104000000 alignment records processed.
104100000 alignment records processed.
104200000 alignment records processed.
104300000 alignment records processed.
104400000 alignment records processed.
104500000 alignment records processed.
104600000 alignment records processed.
104700000 alignment records processed.
104800000 alignment records processed.
104900000 alignment records processed.
105000000 alignment records processed.
105100000 alignment records processed.
105200000 alignment records processed.
105300000 alignment records processed.
105400000 alignment records processed.
105500000 alignment records processed.
105600000 alignment records processed.
105700000 alignment records processed.
105800000 alignment records processed.
105900000 alignment records processed.
106000000 alignment records processed.
106100000 alignment records processed.
106200000 alignment records processed.
106300000 alignment records processed.
106400000 alignment records processed.
106500000 alignment records processed.
106600000 alignment records processed.
106700000 alignment records processed.
106800000 alignment records processed.
106900000 alignment records processed.
107000000 alignment records processed.
107100000 alignment records processed.
107200000 alignment records processed.
107300000 alignment records processed.
107308393 alignment records processed.
